0 info it worked if it ends with ok
1 verbose cli [ '/Users/creindle/.nvm/versions/node/v4.4.3/bin/node',
1 verbose cli   '/Users/creindle/.nvm/versions/node/v4.4.3/bin/npm',
1 verbose cli   'i',
1 verbose cli   'express',
1 verbose cli   'path',
1 verbose cli   'bodyParser',
1 verbose cli   '-D' ]
2 info using npm@3.10.6
3 info using node@v4.4.3
4 silly loadCurrentTree Starting
5 silly install loadCurrentTree
6 silly install readLocalPackageData
7 silly fetchPackageMetaData express
8 silly fetchPackageMetaData path
9 silly fetchPackageMetaData bodyParser
10 silly fetchNamedPackageData express
11 silly mapToRegistry name express
12 silly mapToRegistry using default registry
13 silly mapToRegistry registry https://registry.npmjs.org/
14 silly mapToRegistry data Result {
14 silly mapToRegistry   raw: 'express',
14 silly mapToRegistry   scope: null,
14 silly mapToRegistry   escapedName: 'express',
14 silly mapToRegistry   name: 'express',
14 silly mapToRegistry   rawSpec: '',
14 silly mapToRegistry   spec: 'latest',
14 silly mapToRegistry   type: 'tag' }
15 silly mapToRegistry uri https://registry.npmjs.org/express
16 silly fetchNamedPackageData path
17 silly mapToRegistry name path
18 silly mapToRegistry using default registry
19 silly mapToRegistry registry https://registry.npmjs.org/
20 silly mapToRegistry data Result {
20 silly mapToRegistry   raw: 'path',
20 silly mapToRegistry   scope: null,
20 silly mapToRegistry   escapedName: 'path',
20 silly mapToRegistry   name: 'path',
20 silly mapToRegistry   rawSpec: '',
20 silly mapToRegistry   spec: 'latest',
20 silly mapToRegistry   type: 'tag' }
21 silly mapToRegistry uri https://registry.npmjs.org/path
22 silly fetchNamedPackageData bodyParser
23 silly mapToRegistry name bodyParser
24 silly mapToRegistry using default registry
25 silly mapToRegistry registry https://registry.npmjs.org/
26 silly mapToRegistry data Result {
26 silly mapToRegistry   raw: 'bodyParser',
26 silly mapToRegistry   scope: null,
26 silly mapToRegistry   escapedName: 'bodyParser',
26 silly mapToRegistry   name: 'bodyParser',
26 silly mapToRegistry   rawSpec: '',
26 silly mapToRegistry   spec: 'latest',
26 silly mapToRegistry   type: 'tag' }
27 silly mapToRegistry uri https://registry.npmjs.org/bodyParser
28 verbose request uri https://registry.npmjs.org/bodyParser
29 verbose request no auth needed
30 info attempt registry request try #1 at 8:20:56 PM
31 verbose request id 6929cd6937904b5b
32 http request GET https://registry.npmjs.org/bodyParser
33 verbose get https://registry.npmjs.org/path not expired, no request
34 verbose get https://registry.npmjs.org/express not expired, no request
35 http 404 https://registry.npmjs.org/bodyParser
36 verbose headers { 'content-type': 'application/json',
36 verbose headers   'cache-control': 'max-age=0',
36 verbose headers   'content-length': '2',
36 verbose headers   'accept-ranges': 'bytes',
36 verbose headers   date: 'Fri, 30 Sep 2016 06:20:57 GMT',
36 verbose headers   via: '1.1 varnish',
36 verbose headers   connection: 'keep-alive',
36 verbose headers   'x-served-by': 'cache-lax8637-LAX',
36 verbose headers   'x-cache': 'MISS',
36 verbose headers   'x-cache-hits': '0',
36 verbose headers   'x-timer': 'S1475216457.260107,VS0,VE44',
36 verbose headers   vary: 'Accept-Encoding' }
37 silly get cb [ 404,
37 silly get   { 'content-type': 'application/json',
37 silly get     'cache-control': 'max-age=0',
37 silly get     'content-length': '2',
37 silly get     'accept-ranges': 'bytes',
37 silly get     date: 'Fri, 30 Sep 2016 06:20:57 GMT',
37 silly get     via: '1.1 varnish',
37 silly get     connection: 'keep-alive',
37 silly get     'x-served-by': 'cache-lax8637-LAX',
37 silly get     'x-cache': 'MISS',
37 silly get     'x-cache-hits': '0',
37 silly get     'x-timer': 'S1475216457.260107,VS0,VE44',
37 silly get     vary: 'Accept-Encoding' } ]
38 silly fetchPackageMetaData Error: Registry returned 404 for GET on https://registry.npmjs.org/bodyParser
38 silly fetchPackageMetaData     at makeError (/Users/creindle/.nvm/versions/node/v4.4.3/lib/node_modules/npm/node_modules/npm-registry-client/lib/request.js:264:12)
38 silly fetchPackageMetaData     at CachingRegistryClient.<anonymous> (/Users/creindle/.nvm/versions/node/v4.4.3/lib/node_modules/npm/node_modules/npm-registry-client/lib/request.js:242:14)
38 silly fetchPackageMetaData     at Request._callback (/Users/creindle/.nvm/versions/node/v4.4.3/lib/node_modules/npm/node_modules/npm-registry-client/lib/request.js:172:14)
38 silly fetchPackageMetaData     at Request.self.callback (/Users/creindle/.nvm/versions/node/v4.4.3/lib/node_modules/npm/node_modules/request/request.js:200:22)
38 silly fetchPackageMetaData     at emitTwo (events.js:87:13)
38 silly fetchPackageMetaData     at Request.emit (events.js:172:7)
38 silly fetchPackageMetaData     at Request.<anonymous> (/Users/creindle/.nvm/versions/node/v4.4.3/lib/node_modules/npm/node_modules/request/request.js:1067:10)
38 silly fetchPackageMetaData     at emitOne (events.js:82:20)
38 silly fetchPackageMetaData     at Request.emit (events.js:169:7)
38 silly fetchPackageMetaData     at IncomingMessage.<anonymous> (/Users/creindle/.nvm/versions/node/v4.4.3/lib/node_modules/npm/node_modules/request/request.js:988:12)
38 silly fetchPackageMetaData  error for bodyParser { [Error: Registry returned 404 for GET on https://registry.npmjs.org/bodyParser] pkgid: 'bodyParser', statusCode: 404, code: 'E404' }
39 silly rollbackFailedOptional Starting
40 silly rollbackFailedOptional Finishing
41 silly runTopLevelLifecycles Starting
42 silly runTopLevelLifecycles Finishing
43 silly install printInstalled
44 verbose stack Error: Registry returned 404 for GET on https://registry.npmjs.org/bodyParser
44 verbose stack     at makeError (/Users/creindle/.nvm/versions/node/v4.4.3/lib/node_modules/npm/node_modules/npm-registry-client/lib/request.js:264:12)
44 verbose stack     at CachingRegistryClient.<anonymous> (/Users/creindle/.nvm/versions/node/v4.4.3/lib/node_modules/npm/node_modules/npm-registry-client/lib/request.js:242:14)
44 verbose stack     at Request._callback (/Users/creindle/.nvm/versions/node/v4.4.3/lib/node_modules/npm/node_modules/npm-registry-client/lib/request.js:172:14)
44 verbose stack     at Request.self.callback (/Users/creindle/.nvm/versions/node/v4.4.3/lib/node_modules/npm/node_modules/request/request.js:200:22)
44 verbose stack     at emitTwo (events.js:87:13)
44 verbose stack     at Request.emit (events.js:172:7)
44 verbose stack     at Request.<anonymous> (/Users/creindle/.nvm/versions/node/v4.4.3/lib/node_modules/npm/node_modules/request/request.js:1067:10)
44 verbose stack     at emitOne (events.js:82:20)
44 verbose stack     at Request.emit (events.js:169:7)
44 verbose stack     at IncomingMessage.<anonymous> (/Users/creindle/.nvm/versions/node/v4.4.3/lib/node_modules/npm/node_modules/request/request.js:988:12)
45 verbose statusCode 404
46 verbose pkgid bodyParser
47 verbose cwd /Users/creindle/Desktop/DevLeague/styles-for-hue
48 error Darwin 15.0.0
49 error argv "/Users/creindle/.nvm/versions/node/v4.4.3/bin/node" "/Users/creindle/.nvm/versions/node/v4.4.3/bin/npm" "i" "express" "path" "bodyParser" "-D"
50 error node v4.4.3
51 error npm  v3.10.6
52 error code E404
53 error 404 Registry returned 404 for GET on https://registry.npmjs.org/bodyParser
54 error 404
55 error 404 'bodyParser' is not in the npm registry.
56 error 404 Your package name is not valid, because
57 error 404 1. name can no longer contain capital letters
58 error 404 Note that you can also install from a
59 error 404 tarball, folder, http url, or git url.
60 verbose exit [ 1, true ]
